<?xml version="1.0" encoding="UTF-8"?>
<!-- Generated by org.testng.reporters.JUnitReportReporter -->
<testsuite hostname="DESKTOP-3IQAPAE" failures="0" tests="1" name="com.crm.qa.testcases.ContactsPageTest" time="48.256" errors="0" timestamp="2021-07-30T07:05:38 MDT" skipped="0">
  <testcase classname="com.crm.qa.testcases.ContactsPageTest" name="verifycontactpagetitle" time="48.256"/>
  <system-out/>
</testsuite> <!-- com.crm.qa.testcases.ContactsPageTest -->
