<?xml version="1.0" encoding="UTF-8"?>
<!-- Generated by org.testng.reporters.JUnitReportReporter -->
<testsuite hostname="DESKTOP-3IQAPAE" failures="0" tests="2" name="com.crm.qa.testcases.LoginPageTest" time="26.843" errors="0" timestamp="2021-07-30T07:27:22 MDT" skipped="0">
  <testcase classname="com.crm.qa.testcases.LoginPageTest" name="loginPagetitleTest" time="10.294"/>
  <system-out/>
  <testcase classname="com.crm.qa.testcases.LoginPageTest" name="loginTest" time="16.549"/>
  <system-out/>
</testsuite> <!-- com.crm.qa.testcases.LoginPageTest -->
