<?xml version="1.0" encoding="UTF-8"?>
<!-- Generated by org.testng.reporters.JUnitReportReporter -->
<testsuite hostname="DESKTOP-3IQAPAE" failures="0" tests="2" name="com.crm.qa.testcases.HomePageTest" time="48.651" errors="0" timestamp="2021-07-30T07:27:22 MDT" skipped="0">
  <testcase classname="com.crm.qa.testcases.HomePageTest" name="verifyhomepagetitle" time="18.282"/>
  <system-out/>
  <testcase classname="com.crm.qa.testcases.HomePageTest" name="openContactsPage" time="30.369"/>
  <system-out/>
</testsuite> <!-- com.crm.qa.testcases.HomePageTest -->
