<?xml version="1.0" encoding="UTF-8"?>
<testsuite xmlns:xsi="http://www.w3.org/2001/XMLSchema-instance" xsi:noNamespaceSchemaLocation="https://maven.apache.org/surefire/maven-surefire-plugin/xsd/surefire-test-report.xsd" name="TestSuite" time="1,811.944" tests="15" errors="0" skipped="12" failures="3">
  <properties>
    <property name="sun.desktop" value="windows"/>
    <property name="awt.toolkit" value="sun.awt.windows.WToolkit"/>
    <property name="file.encoding.pkg" value="sun.io"/>
    <property name="java.specification.version" value="1.8"/>
    <property name="sun.cpu.isalist" value="amd64"/>
    <property name="sun.jnu.encoding" value="Cp1252"/>
    <property name="java.class.path" value="E:\TakeScreenShot\FreeCRMTest\target\test-classes;E:\TakeScreenShot\FreeCRMTest\target\classes;C:\WINDOWS\system32\config\systemprofile\.m2\repository\org\seleniumhq\selenium\selenium-java\3.141.59\selenium-java-3.141.59.jar;C:\WINDOWS\system32\config\systemprofile\.m2\repository\org\seleniumhq\selenium\selenium-api\3.141.59\selenium-api-3.141.59.jar;C:\WINDOWS\system32\config\systemprofile\.m2\repository\org\seleniumhq\selenium\selenium-chrome-driver\3.141.59\selenium-chrome-driver-3.141.59.jar;C:\WINDOWS\system32\config\systemprofile\.m2\repository\org\seleniumhq\selenium\selenium-edge-driver\3.141.59\selenium-edge-driver-3.141.59.jar;C:\WINDOWS\system32\config\systemprofile\.m2\repository\org\seleniumhq\selenium\selenium-firefox-driver\3.141.59\selenium-firefox-driver-3.141.59.jar;C:\WINDOWS\system32\config\systemprofile\.m2\repository\org\seleniumhq\selenium\selenium-ie-driver\3.141.59\selenium-ie-driver-3.141.59.jar;C:\WINDOWS\system32\config\systemprofile\.m2\repository\org\seleniumhq\selenium\selenium-opera-driver\3.141.59\selenium-opera-driver-3.141.59.jar;C:\WINDOWS\system32\config\systemprofile\.m2\repository\org\seleniumhq\selenium\selenium-remote-driver\3.141.59\selenium-remote-driver-3.141.59.jar;C:\WINDOWS\system32\config\systemprofile\.m2\repository\org\seleniumhq\selenium\selenium-safari-driver\3.141.59\selenium-safari-driver-3.141.59.jar;C:\WINDOWS\system32\config\systemprofile\.m2\repository\org\seleniumhq\selenium\selenium-support\3.141.59\selenium-support-3.141.59.jar;C:\WINDOWS\system32\config\systemprofile\.m2\repository\net\bytebuddy\byte-buddy\1.8.15\byte-buddy-1.8.15.jar;C:\WINDOWS\system32\config\systemprofile\.m2\repository\org\apache\commons\commons-exec\1.3\commons-exec-1.3.jar;C:\WINDOWS\system32\config\systemprofile\.m2\repository\com\google\guava\guava\25.0-jre\guava-25.0-jre.jar;C:\WINDOWS\system32\config\systemprofile\.m2\repository\com\google\code\findbugs\jsr305\1.3.9\jsr305-1.3.9.jar;C:\WINDOWS\system32\config\systemprofile\.m2\repository\org\checkerframework\checker-compat-qual\2.0.0\checker-compat-qual-2.0.0.jar;C:\WINDOWS\system32\config\systemprofile\.m2\repository\com\google\errorprone\error_prone_annotations\2.1.3\error_prone_annotations-2.1.3.jar;C:\WINDOWS\system32\config\systemprofile\.m2\repository\com\google\j2objc\j2objc-annotations\1.1\j2objc-annotations-1.1.jar;C:\WINDOWS\system32\config\systemprofile\.m2\repository\org\codehaus\mojo\animal-sniffer-annotations\1.14\animal-sniffer-annotations-1.14.jar;C:\WINDOWS\system32\config\systemprofile\.m2\repository\com\squareup\okhttp3\okhttp\3.11.0\okhttp-3.11.0.jar;C:\WINDOWS\system32\config\systemprofile\.m2\repository\com\squareup\okio\okio\1.14.0\okio-1.14.0.jar;C:\WINDOWS\system32\config\systemprofile\.m2\repository\org\testng\testng\7.4.0\testng-7.4.0.jar;C:\WINDOWS\system32\config\systemprofile\.m2\repository\com\beust\jcommander\1.78\jcommander-1.78.jar;C:\WINDOWS\system32\config\systemprofile\.m2\repository\org\webjars\jquery\3.5.1\jquery-3.5.1.jar;C:\WINDOWS\system32\config\systemprofile\.m2\repository\org\apache\poi\poi\5.0.0\poi-5.0.0.jar;C:\WINDOWS\system32\config\systemprofile\.m2\repository\org\slf4j\slf4j-api\1.7.30\slf4j-api-1.7.30.jar;C:\WINDOWS\system32\config\systemprofile\.m2\repository\org\slf4j\jcl-over-slf4j\1.7.30\jcl-over-slf4j-1.7.30.jar;C:\WINDOWS\system32\config\systemprofile\.m2\repository\commons-codec\commons-codec\1.15\commons-codec-1.15.jar;C:\WINDOWS\system32\config\systemprofile\.m2\repository\org\apache\commons\commons-collections4\4.4\commons-collections4-4.4.jar;C:\WINDOWS\system32\config\systemprofile\.m2\repository\org\apache\commons\commons-math3\3.6.1\commons-math3-3.6.1.jar;C:\WINDOWS\system32\config\systemprofile\.m2\repository\com\zaxxer\SparseBitSet\1.2\SparseBitSet-1.2.jar;C:\WINDOWS\system32\config\systemprofile\.m2\repository\org\apache\poi\poi-ooxml\5.0.0\poi-ooxml-5.0.0.jar;C:\WINDOWS\system32\config\systemprofile\.m2\repository\org\apache\poi\poi-ooxml-lite\5.0.0\poi-ooxml-lite-5.0.0.jar;C:\WINDOWS\system32\config\systemprofile\.m2\repository\org\apache\commons\commons-compress\1.20\commons-compress-1.20.jar;C:\WINDOWS\system32\config\systemprofile\.m2\repository\com\github\virtuald\curvesapi\1.06\curvesapi-1.06.jar;C:\WINDOWS\system32\config\systemprofile\.m2\repository\org\bouncycastle\bcpkix-jdk15on\1.68\bcpkix-jdk15on-1.68.jar;C:\WINDOWS\system32\config\systemprofile\.m2\repository\org\bouncycastle\bcprov-jdk15on\1.68\bcprov-jdk15on-1.68.jar;C:\WINDOWS\system32\config\systemprofile\.m2\repository\org\apache\santuario\xmlsec\2.2.1\xmlsec-2.2.1.jar;C:\WINDOWS\system32\config\systemprofile\.m2\repository\com\fasterxml\woodstox\woodstox-core\5.2.1\woodstox-core-5.2.1.jar;C:\WINDOWS\system32\config\systemprofile\.m2\repository\org\codehaus\woodstox\stax2-api\4.2\stax2-api-4.2.jar;C:\WINDOWS\system32\config\systemprofile\.m2\repository\org\apache\xmlgraphics\batik-all\1.13\batik-all-1.13.jar;C:\WINDOWS\system32\config\systemprofile\.m2\repository\org\apache\xmlgraphics\batik-anim\1.13\batik-anim-1.13.jar;C:\WINDOWS\system32\config\systemprofile\.m2\repository\org\apache\xmlgraphics\batik-shared-resources\1.13\batik-shared-resources-1.13.jar;C:\WINDOWS\system32\config\systemprofile\.m2\repository\xml-apis\xml-apis-ext\1.3.04\xml-apis-ext-1.3.04.jar;C:\WINDOWS\system32\config\systemprofile\.m2\repository\org\apache\xmlgraphics\batik-awt-util\1.13\batik-awt-util-1.13.jar;C:\WINDOWS\system32\config\systemprofile\.m2\repository\org\apache\xmlgraphics\xmlgraphics-commons\2.4\xmlgraphics-commons-2.4.jar;C:\WINDOWS\system32\config\systemprofile\.m2\repository\commons-io\commons-io\1.3.1\commons-io-1.3.1.jar;C:\WINDOWS\system32\config\systemprofile\.m2\repository\org\apache\xmlgraphics\batik-bridge\1.13\batik-bridge-1.13.jar;C:\WINDOWS\system32\config\systemprofile\.m2\repository\org\apache\xmlgraphics\batik-codec\1.13\batik-codec-1.13.jar;C:\WINDOWS\system32\config\systemprofile\.m2\repository\org\apache\xmlgraphics\batik-constants\1.13\batik-constants-1.13.jar;C:\WINDOWS\system32\config\systemprofile\.m2\repository\org\apache\xmlgraphics\batik-css\1.13\batik-css-1.13.jar;C:\WINDOWS\system32\config\systemprofile\.m2\repository\org\apache\xmlgraphics\batik-dom\1.13\batik-dom-1.13.jar;C:\WINDOWS\system32\config\systemprofile\.m2\repository\xalan\xalan\2.7.2\xalan-2.7.2.jar;C:\WINDOWS\system32\config\systemprofile\.m2\repository\xalan\serializer\2.7.2\serializer-2.7.2.jar;C:\WINDOWS\system32\config\systemprofile\.m2\repository\org\apache\xmlgraphics\batik-ext\1.13\batik-ext-1.13.jar;C:\WINDOWS\system32\config\systemprofile\.m2\repository\org\apache\xmlgraphics\batik-extension\1.13\batik-extension-1.13.jar;C:\WINDOWS\system32\config\systemprofile\.m2\repository\org\apache\xmlgraphics\batik-gui-util\1.13\batik-gui-util-1.13.jar;C:\WINDOWS\system32\config\systemprofile\.m2\repository\org\apache\xmlgraphics\batik-gvt\1.13\batik-gvt-1.13.jar;C:\WINDOWS\system32\config\systemprofile\.m2\repository\org\apache\xmlgraphics\batik-i18n\1.13\batik-i18n-1.13.jar;C:\WINDOWS\system32\config\systemprofile\.m2\repository\org\apache\xmlgraphics\batik-parser\1.13\batik-parser-1.13.jar;C:\WINDOWS\system32\config\systemprofile\.m2\repository\org\apache\xmlgraphics\batik-rasterizer-ext\1.13\batik-rasterizer-ext-1.13.jar;C:\WINDOWS\system32\config\systemprofile\.m2\repository\org\apache\xmlgraphics\batik-rasterizer\1.13\batik-rasterizer-1.13.jar;C:\WINDOWS\system32\config\systemprofile\.m2\repository\org\apache\xmlgraphics\batik-script\1.13\batik-script-1.13.jar;C:\WINDOWS\system32\config\systemprofile\.m2\repository\org\apache\xmlgraphics\batik-slideshow\1.13\batik-slideshow-1.13.jar;C:\WINDOWS\system32\config\systemprofile\.m2\repository\org\apache\xmlgraphics\batik-squiggle-ext\1.13\batik-squiggle-ext-1.13.jar;C:\WINDOWS\system32\config\systemprofile\.m2\repository\org\apache\xmlgraphics\batik-squiggle\1.13\batik-squiggle-1.13.jar;C:\WINDOWS\system32\config\systemprofile\.m2\repository\org\apache\xmlgraphics\batik-svg-dom\1.13\batik-svg-dom-1.13.jar;C:\WINDOWS\system32\config\systemprofile\.m2\repository\org\apache\xmlgraphics\batik-svgbrowser\1.13\batik-svgbrowser-1.13.jar;C:\WINDOWS\system32\config\systemprofile\.m2\repository\org\apache\xmlgraphics\batik-svggen\1.13\batik-svggen-1.13.jar;C:\WINDOWS\system32\config\systemprofile\.m2\repository\org\apache\xmlgraphics\batik-svgpp\1.13\batik-svgpp-1.13.jar;C:\WINDOWS\system32\config\systemprofile\.m2\repository\org\apache\xmlgraphics\batik-svgrasterizer\1.13\batik-svgrasterizer-1.13.jar;C:\WINDOWS\system32\config\systemprofile\.m2\repository\org\apache\xmlgraphics\batik-swing\1.13\batik-swing-1.13.jar;C:\WINDOWS\system32\config\systemprofile\.m2\repository\org\apache\xmlgraphics\batik-transcoder\1.13\batik-transcoder-1.13.jar;C:\WINDOWS\system32\config\systemprofile\.m2\repository\org\apache\xmlgraphics\batik-util\1.13\batik-util-1.13.jar;C:\WINDOWS\system32\config\systemprofile\.m2\repository\org\apache\xmlgraphics\batik-ttf2svg\1.13\batik-ttf2svg-1.13.jar;C:\WINDOWS\system32\config\systemprofile\.m2\repository\org\apache\xmlgraphics\batik-xml\1.13\batik-xml-1.13.jar;C:\WINDOWS\system32\config\systemprofile\.m2\repository\de\rototor\pdfbox\graphics2d\0.30\graphics2d-0.30.jar;C:\WINDOWS\system32\config\systemprofile\.m2\repository\org\apache\pdfbox\pdfbox\2.0.22\pdfbox-2.0.22.jar;C:\WINDOWS\system32\config\systemprofile\.m2\repository\org\apache\pdfbox\fontbox\2.0.22\fontbox-2.0.22.jar;C:\WINDOWS\system32\config\systemprofile\.m2\repository\org\apache\poi\poi-ooxml-schemas\4.1.2\poi-ooxml-schemas-4.1.2.jar;C:\WINDOWS\system32\config\systemprofile\.m2\repository\org\apache\poi\poi-scratchpad\5.0.0\poi-scratchpad-5.0.0.jar;C:\WINDOWS\system32\config\systemprofile\.m2\repository\org\apache\poi\ooxml-schemas\1.4\ooxml-schemas-1.4.jar;C:\WINDOWS\system32\config\systemprofile\.m2\repository\org\apache\poi\openxml4j\1.0-beta\openxml4j-1.0-beta.jar;C:\WINDOWS\system32\config\systemprofile\.m2\repository\dom4j\dom4j\1.6.1\dom4j-1.6.1.jar;C:\WINDOWS\system32\config\systemprofile\.m2\repository\xml-apis\xml-apis\1.0.b2\xml-apis-1.0.b2.jar;C:\WINDOWS\system32\config\systemprofile\.m2\repository\log4j\log4j\1.2.8\log4j-1.2.8.jar;C:\WINDOWS\system32\config\systemprofile\.m2\repository\org\apache\xmlbeans\xmlbeans\3.1.0\xmlbeans-3.1.0.jar;C:\WINDOWS\system32\config\systemprofile\.m2\repository\com\relevantcodes\extentreports\2.41.2\extentreports-2.41.2.jar;C:\WINDOWS\system32\config\systemprofile\.m2\repository\org\jsoup\jsoup\1.8.3\jsoup-1.8.3.jar;C:\WINDOWS\system32\config\systemprofile\.m2\repository\org\xerial\sqlite-jdbc\3.8.11.1\sqlite-jdbc-3.8.11.1.jar;C:\WINDOWS\system32\config\systemprofile\.m2\repository\org\freemarker\freemarker\2.3.23\freemarker-2.3.23.jar;C:\WINDOWS\system32\config\systemprofile\.m2\repository\org\mongodb\mongodb-driver\3.0.4\mongodb-driver-3.0.4.jar;C:\WINDOWS\system32\config\systemprofile\.m2\repository\org\mongodb\bson\3.0.4\bson-3.0.4.jar;C:\WINDOWS\system32\config\systemprofile\.m2\repository\org\mongodb\mongodb-driver-core\3.0.4\mongodb-driver-core-3.0.4.jar;"/>
    <property name="java.vm.vendor" value="Oracle Corporation"/>
    <property name="sun.arch.data.model" value="64"/>
    <property name="user.variant" value=""/>
    <property name="java.vendor.url" value="http://java.oracle.com/"/>
    <property name="user.timezone" value="America/Denver"/>
    <property name="java.vm.specification.version" value="1.8"/>
    <property name="os.name" value="Windows 10"/>
    <property name="user.country" value="US"/>
    <property name="sun.java.launcher" value="SUN_STANDARD"/>
    <property name="sun.boot.library.path" value="C:\Program Files\Java\jdk1.8.0_291\jre\bin"/>
    <property name="sun.java.command" value="C:\WINDOWS\TEMP\surefire1285864942790801889\surefirebooter50107166033527992.jar C:\Windows\Temp\surefire1285864942790801889 2021-07-30T08-00-35_956-jvmRun1 surefire8939256707369611076tmp surefire_01656822822652460973tmp"/>
    <property name="surefire.test.class.path" value="E:\TakeScreenShot\FreeCRMTest\target\test-classes;E:\TakeScreenShot\FreeCRMTest\target\classes;C:\WINDOWS\system32\config\systemprofile\.m2\repository\org\seleniumhq\selenium\selenium-java\3.141.59\selenium-java-3.141.59.jar;C:\WINDOWS\system32\config\systemprofile\.m2\repository\org\seleniumhq\selenium\selenium-api\3.141.59\selenium-api-3.141.59.jar;C:\WINDOWS\system32\config\systemprofile\.m2\repository\org\seleniumhq\selenium\selenium-chrome-driver\3.141.59\selenium-chrome-driver-3.141.59.jar;C:\WINDOWS\system32\config\systemprofile\.m2\repository\org\seleniumhq\selenium\selenium-edge-driver\3.141.59\selenium-edge-driver-3.141.59.jar;C:\WINDOWS\system32\config\systemprofile\.m2\repository\org\seleniumhq\selenium\selenium-firefox-driver\3.141.59\selenium-firefox-driver-3.141.59.jar;C:\WINDOWS\system32\config\systemprofile\.m2\repository\org\seleniumhq\selenium\selenium-ie-driver\3.141.59\selenium-ie-driver-3.141.59.jar;C:\WINDOWS\system32\config\systemprofile\.m2\repository\org\seleniumhq\selenium\selenium-opera-driver\3.141.59\selenium-opera-driver-3.141.59.jar;C:\WINDOWS\system32\config\systemprofile\.m2\repository\org\seleniumhq\selenium\selenium-remote-driver\3.141.59\selenium-remote-driver-3.141.59.jar;C:\WINDOWS\system32\config\systemprofile\.m2\repository\org\seleniumhq\selenium\selenium-safari-driver\3.141.59\selenium-safari-driver-3.141.59.jar;C:\WINDOWS\system32\config\systemprofile\.m2\repository\org\seleniumhq\selenium\selenium-support\3.141.59\selenium-support-3.141.59.jar;C:\WINDOWS\system32\config\systemprofile\.m2\repository\net\bytebuddy\byte-buddy\1.8.15\byte-buddy-1.8.15.jar;C:\WINDOWS\system32\config\systemprofile\.m2\repository\org\apache\commons\commons-exec\1.3\commons-exec-1.3.jar;C:\WINDOWS\system32\config\systemprofile\.m2\repository\com\google\guava\guava\25.0-jre\guava-25.0-jre.jar;C:\WINDOWS\system32\config\systemprofile\.m2\repository\com\google\code\findbugs\jsr305\1.3.9\jsr305-1.3.9.jar;C:\WINDOWS\system32\config\systemprofile\.m2\repository\org\checkerframework\checker-compat-qual\2.0.0\checker-compat-qual-2.0.0.jar;C:\WINDOWS\system32\config\systemprofile\.m2\repository\com\google\errorprone\error_prone_annotations\2.1.3\error_prone_annotations-2.1.3.jar;C:\WINDOWS\system32\config\systemprofile\.m2\repository\com\google\j2objc\j2objc-annotations\1.1\j2objc-annotations-1.1.jar;C:\WINDOWS\system32\config\systemprofile\.m2\repository\org\codehaus\mojo\animal-sniffer-annotations\1.14\animal-sniffer-annotations-1.14.jar;C:\WINDOWS\system32\config\systemprofile\.m2\repository\com\squareup\okhttp3\okhttp\3.11.0\okhttp-3.11.0.jar;C:\WINDOWS\system32\config\systemprofile\.m2\repository\com\squareup\okio\okio\1.14.0\okio-1.14.0.jar;C:\WINDOWS\system32\config\systemprofile\.m2\repository\org\testng\testng\7.4.0\testng-7.4.0.jar;C:\WINDOWS\system32\config\systemprofile\.m2\repository\com\beust\jcommander\1.78\jcommander-1.78.jar;C:\WINDOWS\system32\config\systemprofile\.m2\repository\org\webjars\jquery\3.5.1\jquery-3.5.1.jar;C:\WINDOWS\system32\config\systemprofile\.m2\repository\org\apache\poi\poi\5.0.0\poi-5.0.0.jar;C:\WINDOWS\system32\config\systemprofile\.m2\repository\org\slf4j\slf4j-api\1.7.30\slf4j-api-1.7.30.jar;C:\WINDOWS\system32\config\systemprofile\.m2\repository\org\slf4j\jcl-over-slf4j\1.7.30\jcl-over-slf4j-1.7.30.jar;C:\WINDOWS\system32\config\systemprofile\.m2\repository\commons-codec\commons-codec\1.15\commons-codec-1.15.jar;C:\WINDOWS\system32\config\systemprofile\.m2\repository\org\apache\commons\commons-collections4\4.4\commons-collections4-4.4.jar;C:\WINDOWS\system32\config\systemprofile\.m2\repository\org\apache\commons\commons-math3\3.6.1\commons-math3-3.6.1.jar;C:\WINDOWS\system32\config\systemprofile\.m2\repository\com\zaxxer\SparseBitSet\1.2\SparseBitSet-1.2.jar;C:\WINDOWS\system32\config\systemprofile\.m2\repository\org\apache\poi\poi-ooxml\5.0.0\poi-ooxml-5.0.0.jar;C:\WINDOWS\system32\config\systemprofile\.m2\repository\org\apache\poi\poi-ooxml-lite\5.0.0\poi-ooxml-lite-5.0.0.jar;C:\WINDOWS\system32\config\systemprofile\.m2\repository\org\apache\commons\commons-compress\1.20\commons-compress-1.20.jar;C:\WINDOWS\system32\config\systemprofile\.m2\repository\com\github\virtuald\curvesapi\1.06\curvesapi-1.06.jar;C:\WINDOWS\system32\config\systemprofile\.m2\repository\org\bouncycastle\bcpkix-jdk15on\1.68\bcpkix-jdk15on-1.68.jar;C:\WINDOWS\system32\config\systemprofile\.m2\repository\org\bouncycastle\bcprov-jdk15on\1.68\bcprov-jdk15on-1.68.jar;C:\WINDOWS\system32\config\systemprofile\.m2\repository\org\apache\santuario\xmlsec\2.2.1\xmlsec-2.2.1.jar;C:\WINDOWS\system32\config\systemprofile\.m2\repository\com\fasterxml\woodstox\woodstox-core\5.2.1\woodstox-core-5.2.1.jar;C:\WINDOWS\system32\config\systemprofile\.m2\repository\org\codehaus\woodstox\stax2-api\4.2\stax2-api-4.2.jar;C:\WINDOWS\system32\config\systemprofile\.m2\repository\org\apache\xmlgraphics\batik-all\1.13\batik-all-1.13.jar;C:\WINDOWS\system32\config\systemprofile\.m2\repository\org\apache\xmlgraphics\batik-anim\1.13\batik-anim-1.13.jar;C:\WINDOWS\system32\config\systemprofile\.m2\repository\org\apache\xmlgraphics\batik-shared-resources\1.13\batik-shared-resources-1.13.jar;C:\WINDOWS\system32\config\systemprofile\.m2\repository\xml-apis\xml-apis-ext\1.3.04\xml-apis-ext-1.3.04.jar;C:\WINDOWS\system32\config\systemprofile\.m2\repository\org\apache\xmlgraphics\batik-awt-util\1.13\batik-awt-util-1.13.jar;C:\WINDOWS\system32\config\systemprofile\.m2\repository\org\apache\xmlgraphics\xmlgraphics-commons\2.4\xmlgraphics-commons-2.4.jar;C:\WINDOWS\system32\config\systemprofile\.m2\repository\commons-io\commons-io\1.3.1\commons-io-1.3.1.jar;C:\WINDOWS\system32\config\systemprofile\.m2\repository\org\apache\xmlgraphics\batik-bridge\1.13\batik-bridge-1.13.jar;C:\WINDOWS\system32\config\systemprofile\.m2\repository\org\apache\xmlgraphics\batik-codec\1.13\batik-codec-1.13.jar;C:\WINDOWS\system32\config\systemprofile\.m2\repository\org\apache\xmlgraphics\batik-constants\1.13\batik-constants-1.13.jar;C:\WINDOWS\system32\config\systemprofile\.m2\repository\org\apache\xmlgraphics\batik-css\1.13\batik-css-1.13.jar;C:\WINDOWS\system32\config\systemprofile\.m2\repository\org\apache\xmlgraphics\batik-dom\1.13\batik-dom-1.13.jar;C:\WINDOWS\system32\config\systemprofile\.m2\repository\xalan\xalan\2.7.2\xalan-2.7.2.jar;C:\WINDOWS\system32\config\systemprofile\.m2\repository\xalan\serializer\2.7.2\serializer-2.7.2.jar;C:\WINDOWS\system32\config\systemprofile\.m2\repository\org\apache\xmlgraphics\batik-ext\1.13\batik-ext-1.13.jar;C:\WINDOWS\system32\config\systemprofile\.m2\repository\org\apache\xmlgraphics\batik-extension\1.13\batik-extension-1.13.jar;C:\WINDOWS\system32\config\systemprofile\.m2\repository\org\apache\xmlgraphics\batik-gui-util\1.13\batik-gui-util-1.13.jar;C:\WINDOWS\system32\config\systemprofile\.m2\repository\org\apache\xmlgraphics\batik-gvt\1.13\batik-gvt-1.13.jar;C:\WINDOWS\system32\config\systemprofile\.m2\repository\org\apache\xmlgraphics\batik-i18n\1.13\batik-i18n-1.13.jar;C:\WINDOWS\system32\config\systemprofile\.m2\repository\org\apache\xmlgraphics\batik-parser\1.13\batik-parser-1.13.jar;C:\WINDOWS\system32\config\systemprofile\.m2\repository\org\apache\xmlgraphics\batik-rasterizer-ext\1.13\batik-rasterizer-ext-1.13.jar;C:\WINDOWS\system32\config\systemprofile\.m2\repository\org\apache\xmlgraphics\batik-rasterizer\1.13\batik-rasterizer-1.13.jar;C:\WINDOWS\system32\config\systemprofile\.m2\repository\org\apache\xmlgraphics\batik-script\1.13\batik-script-1.13.jar;C:\WINDOWS\system32\config\systemprofile\.m2\repository\org\apache\xmlgraphics\batik-slideshow\1.13\batik-slideshow-1.13.jar;C:\WINDOWS\system32\config\systemprofile\.m2\repository\org\apache\xmlgraphics\batik-squiggle-ext\1.13\batik-squiggle-ext-1.13.jar;C:\WINDOWS\system32\config\systemprofile\.m2\repository\org\apache\xmlgraphics\batik-squiggle\1.13\batik-squiggle-1.13.jar;C:\WINDOWS\system32\config\systemprofile\.m2\repository\org\apache\xmlgraphics\batik-svg-dom\1.13\batik-svg-dom-1.13.jar;C:\WINDOWS\system32\config\systemprofile\.m2\repository\org\apache\xmlgraphics\batik-svgbrowser\1.13\batik-svgbrowser-1.13.jar;C:\WINDOWS\system32\config\systemprofile\.m2\repository\org\apache\xmlgraphics\batik-svggen\1.13\batik-svggen-1.13.jar;C:\WINDOWS\system32\config\systemprofile\.m2\repository\org\apache\xmlgraphics\batik-svgpp\1.13\batik-svgpp-1.13.jar;C:\WINDOWS\system32\config\systemprofile\.m2\repository\org\apache\xmlgraphics\batik-svgrasterizer\1.13\batik-svgrasterizer-1.13.jar;C:\WINDOWS\system32\config\systemprofile\.m2\repository\org\apache\xmlgraphics\batik-swing\1.13\batik-swing-1.13.jar;C:\WINDOWS\system32\config\systemprofile\.m2\repository\org\apache\xmlgraphics\batik-transcoder\1.13\batik-transcoder-1.13.jar;C:\WINDOWS\system32\config\systemprofile\.m2\repository\org\apache\xmlgraphics\batik-util\1.13\batik-util-1.13.jar;C:\WINDOWS\system32\config\systemprofile\.m2\repository\org\apache\xmlgraphics\batik-ttf2svg\1.13\batik-ttf2svg-1.13.jar;C:\WINDOWS\system32\config\systemprofile\.m2\repository\org\apache\xmlgraphics\batik-xml\1.13\batik-xml-1.13.jar;C:\WINDOWS\system32\config\systemprofile\.m2\repository\de\rototor\pdfbox\graphics2d\0.30\graphics2d-0.30.jar;C:\WINDOWS\system32\config\systemprofile\.m2\repository\org\apache\pdfbox\pdfbox\2.0.22\pdfbox-2.0.22.jar;C:\WINDOWS\system32\config\systemprofile\.m2\repository\org\apache\pdfbox\fontbox\2.0.22\fontbox-2.0.22.jar;C:\WINDOWS\system32\config\systemprofile\.m2\repository\org\apache\poi\poi-ooxml-schemas\4.1.2\poi-ooxml-schemas-4.1.2.jar;C:\WINDOWS\system32\config\systemprofile\.m2\repository\org\apache\poi\poi-scratchpad\5.0.0\poi-scratchpad-5.0.0.jar;C:\WINDOWS\system32\config\systemprofile\.m2\repository\org\apache\poi\ooxml-schemas\1.4\ooxml-schemas-1.4.jar;C:\WINDOWS\system32\config\systemprofile\.m2\repository\org\apache\poi\openxml4j\1.0-beta\openxml4j-1.0-beta.jar;C:\WINDOWS\system32\config\systemprofile\.m2\repository\dom4j\dom4j\1.6.1\dom4j-1.6.1.jar;C:\WINDOWS\system32\config\systemprofile\.m2\repository\xml-apis\xml-apis\1.0.b2\xml-apis-1.0.b2.jar;C:\WINDOWS\system32\config\systemprofile\.m2\repository\log4j\log4j\1.2.8\log4j-1.2.8.jar;C:\WINDOWS\system32\config\systemprofile\.m2\repository\org\apache\xmlbeans\xmlbeans\3.1.0\xmlbeans-3.1.0.jar;C:\WINDOWS\system32\config\systemprofile\.m2\repository\com\relevantcodes\extentreports\2.41.2\extentreports-2.41.2.jar;C:\WINDOWS\system32\config\systemprofile\.m2\repository\org\jsoup\jsoup\1.8.3\jsoup-1.8.3.jar;C:\WINDOWS\system32\config\systemprofile\.m2\repository\org\xerial\sqlite-jdbc\3.8.11.1\sqlite-jdbc-3.8.11.1.jar;C:\WINDOWS\system32\config\systemprofile\.m2\repository\org\freemarker\freemarker\2.3.23\freemarker-2.3.23.jar;C:\WINDOWS\system32\config\systemprofile\.m2\repository\org\mongodb\mongodb-driver\3.0.4\mongodb-driver-3.0.4.jar;C:\WINDOWS\system32\config\systemprofile\.m2\repository\org\mongodb\bson\3.0.4\bson-3.0.4.jar;C:\WINDOWS\system32\config\systemprofile\.m2\repository\org\mongodb\mongodb-driver-core\3.0.4\mongodb-driver-core-3.0.4.jar;"/>
    <property name="sun.cpu.endian" value="little"/>
    <property name="user.home" value="C:\WINDOWS\system32\config\systemprofile"/>
    <property name="user.language" value="en"/>
    <property name="java.specification.vendor" value="Oracle Corporation"/>
    <property name="java.home" value="C:\Program Files\Java\jdk1.8.0_291\jre"/>
    <property name="basedir" value="E:\TakeScreenShot\FreeCRMTest"/>
    <property name="file.separator" value="\"/>
    <property name="line.separator" value="&#10;"/>
    <property name="java.vm.specification.vendor" value="Oracle Corporation"/>
    <property name="java.specification.name" value="Java Platform API Specification"/>
    <property name="java.awt.graphicsenv" value="sun.awt.Win32GraphicsEnvironment"/>
    <property name="surefire.real.class.path" value="C:\WINDOWS\TEMP\surefire1285864942790801889\surefirebooter50107166033527992.jar"/>
    <property name="sun.boot.class.path" value="C:\Program Files\Java\jdk1.8.0_291\jre\lib\resources.jar;C:\Program Files\Java\jdk1.8.0_291\jre\lib\rt.jar;C:\Program Files\Java\jdk1.8.0_291\jre\lib\sunrsasign.jar;C:\Program Files\Java\jdk1.8.0_291\jre\lib\jsse.jar;C:\Program Files\Java\jdk1.8.0_291\jre\lib\jce.jar;C:\Program Files\Java\jdk1.8.0_291\jre\lib\charsets.jar;C:\Program Files\Java\jdk1.8.0_291\jre\lib\jfr.jar;C:\Program Files\Java\jdk1.8.0_291\jre\classes"/>
    <property name="user.script" value=""/>
    <property name="sun.management.compiler" value="HotSpot 64-Bit Tiered Compilers"/>
    <property name="java.runtime.version" value="1.8.0_291-b10"/>
    <property name="user.name" value="DESKTOP-3IQAPAE$"/>
    <property name="path.separator" value=";"/>
    <property name="os.version" value="10.0"/>
    <property name="java.endorsed.dirs" value="C:\Program Files\Java\jdk1.8.0_291\jre\lib\endorsed"/>
    <property name="java.runtime.name" value="Java(TM) SE Runtime Environment"/>
    <property name="file.encoding" value="Cp1252"/>
    <property name="java.vm.name" value="Java HotSpot(TM) 64-Bit Server VM"/>
    <property name="localRepository" value="C:\WINDOWS\system32\config\systemprofile\.m2\repository"/>
    <property name="java.vendor.url.bug" value="http://bugreport.sun.com/bugreport/"/>
    <property name="java.io.tmpdir" value="C:\WINDOWS\TEMP\"/>
    <property name="java.version" value="1.8.0_291"/>
    <property name="user.dir" value="E:\TakeScreenShot\FreeCRMTest"/>
    <property name="os.arch" value="amd64"/>
    <property name="java.vm.specification.name" value="Java Virtual Machine Specification"/>
    <property name="java.awt.printerjob" value="sun.awt.windows.WPrinterJob"/>
    <property name="sun.os.patch.level" value=""/>
    <property name="java.library.path" value="C:\Program Files\Java\jdk1.8.0_291\jre\bin;C:\WINDOWS\Sun\Java\bin;C:\WINDOWS\system32;C:\WINDOWS;C:\WINDOWS\system32\config\systemprofile\AppData\Local\Jenkins\.jenkins\tools\hudson.tasks.Maven_MavenInstallation\TestMaven/bin;C:\Program Files (x86)\Common Files\Oracle\Java\javapath;C:\WINDOWS\system32;C:\WINDOWS;C:\WINDOWS\System32\Wbem;C:\WINDOWS\System32\WindowsPowerShell\v1.0\;C:\WINDOWS\System32\OpenSSH\;C:\Program Files\Docker\Docker\resources\bin;C:\ProgramData\DockerDesktop\version-bin;C:\Program Files\Java\jdk1.8.0_291\bin;C:\Program Files\Common Files\Oracle\Java\javapath;E:\BrowserexecutablePath\Maven\apache-maven-3.8.1\bin;E:\BrowserexecutablePath\Allure\allure-2.14.0\bin;C:\WINDOWS\system32\config\systemprofile\AppData\Local\Microsoft\WindowsApps;."/>
    <property name="java.vm.info" value="mixed mode"/>
    <property name="java.vendor" value="Oracle Corporation"/>
    <property name="java.vm.version" value="25.291-b10"/>
    <property name="java.ext.dirs" value="C:\Program Files\Java\jdk1.8.0_291\jre\lib\ext;C:\WINDOWS\Sun\Java\lib\ext"/>
    <property name="sun.io.unicode.encoding" value="UnicodeLittle"/>
    <property name="java.class.version" value="52.0"/>
  </properties>
  <testcase name="setUp" classname="com.crm.qa.testcases.ContactsPageTest" time="607.35">
    <failure message="session not created&#10;from timeout: Timed out receiving message from renderer: 600.000&#10;  (Session info: chrome=92.0.4515.107)&#10;Build info: version: &apos;3.141.59&apos;, revision: &apos;e82be7d358&apos;, time: &apos;2018-11-14T08:17:03&apos;&#10;System info: host: &apos;DESKTOP-3IQAPAE&apos;, ip: &apos;192.168.1.4&apos;, os.name: &apos;Windows 10&apos;, os.arch: &apos;amd64&apos;, os.version: &apos;10.0&apos;, java.version: &apos;1.8.0_291&apos;&#10;Driver info: driver.version: ChromeDriver&#10;remote stacktrace: Backtrace:&#10;	Ordinal0 [0x00412DB3+2502067]&#10;	Ordinal0 [0x003AC5B1+2082225]&#10;	Ordinal0 [0x002B2498+1057944]&#10;	Ordinal0 [0x002A4D2F+1002799]&#10;	Ordinal0 [0x002A3D69+998761]&#10;	Ordinal0 [0x002A4026+999462]&#10;	Ordinal0 [0x002A3915+997653]&#10;	Ordinal0 [0x002AE534+1041716]&#10;	Ordinal0 [0x002A38D1+997585]&#10;	Ordinal0 [0x002A47F6+1001462]&#10;	Ordinal0 [0x002A3D69+998761]&#10;	Ordinal0 [0x002A4026+999462]&#10;	Ordinal0 [0x002A3915+997653]&#10;	Ordinal0 [0x002AC5AA+1033642]&#10;	Ordinal0 [0x002A38D1+997585]&#10;	Ordinal0 [0x002A47F6+1001462]&#10;	Ordinal0 [0x002A3D69+998761]&#10;	Ordinal0 [0x002A4026+999462]&#10;	Ordinal0 [0x002A3915+997653]&#10;	Ordinal0 [0x002AA459+1025113]&#10;	Ordinal0 [0x002A38D1+997585]&#10;	Ordinal0 [0x002A47F6+1001462]&#10;	Ordinal0 [0x002A3D69+998761]&#10;	Ordinal0 [0x002A4026+999462]&#10;	Ordinal0 [0x002A3915+997653]&#10;	Ordinal0 [0x002A977C+1021820]&#10;	Ordinal0 [0x002A38D1+997585]&#10;	Ordinal0 [0x002A47F6+1001462]&#10;	Ordinal0 [0x002A3D69+998761]&#10;	Ordinal0 [0x002A4026+999462]&#10;	Ordinal0 [0x002A3915+997653]&#10;	Ordinal0 [0x0029F42D+980013]&#10;	Ordinal0 [0x002A38D1+997585]&#10;	Ordinal0 [0x002A3670+996976]&#10;	Ordinal0 [0x002A3409+996361]&#10;	Ordinal0 [0x002B36A0+1062560]&#10;	Ordinal0 [0x002FAA59+1354329]&#10;	Ordinal0 [0x002F967A+1349242]&#10;	Ordinal0 [0x002F5BEB+1334251]&#10;	Ordinal0 [0x002D2174+1188212]&#10;	Ordinal0 [0x002D3009+1191945]&#10;	GetHandleVerifier [0x0058EC5C+1511084]&#10;	GetHandleVerifier [0x00638522+2205554]&#10;	GetHandleVerifier [0x00493393+480739]&#10;	GetHandleVerifier [0x00492579+477129]&#10;	Ordinal0 [0x003B1E5D+2104925]&#10;	Ordinal0 [0x003B63F8+2122744]&#10;	Ordinal0 [0x003B6537+2123063]&#10;	Ordinal0 [0x003BEE53+2158163]&#10;	BaseThreadInitThunk [0x74E16359+25]&#10;	RtlGetAppContainerNamedObjectPath [0x773A87A4+228]&#10;	RtlGetAppContainerNamedObjectPath [0x773A8774+180]&#10;" type="org.openqa.selenium.SessionNotCreatedException">org.openqa.selenium.SessionNotCreatedException: 
session not created
from timeout: Timed out receiving message from renderer: 600.000
  (Session info: chrome=92.0.4515.107)
Build info: version: '3.141.59', revision: 'e82be7d358', time: '2018-11-14T08:17:03'
System info: host: 'DESKTOP-3IQAPAE', ip: '192.168.1.4', os.name: 'Windows 10', os.arch: 'amd64', os.version: '10.0', java.version: '1.8.0_291'
Driver info: driver.version: ChromeDriver
remote stacktrace: Backtrace:
	Ordinal0 [0x00412DB3+2502067]
	Ordinal0 [0x003AC5B1+2082225]
	Ordinal0 [0x002B2498+1057944]
	Ordinal0 [0x002A4D2F+1002799]
	Ordinal0 [0x002A3D69+998761]
	Ordinal0 [0x002A4026+999462]
	Ordinal0 [0x002A3915+997653]
	Ordinal0 [0x002AE534+1041716]
	Ordinal0 [0x002A38D1+997585]
	Ordinal0 [0x002A47F6+1001462]
	Ordinal0 [0x002A3D69+998761]
	Ordinal0 [0x002A4026+999462]
	Ordinal0 [0x002A3915+997653]
	Ordinal0 [0x002AC5AA+1033642]
	Ordinal0 [0x002A38D1+997585]
	Ordinal0 [0x002A47F6+1001462]
	Ordinal0 [0x002A3D69+998761]
	Ordinal0 [0x002A4026+999462]
	Ordinal0 [0x002A3915+997653]
	Ordinal0 [0x002AA459+1025113]
	Ordinal0 [0x002A38D1+997585]
	Ordinal0 [0x002A47F6+1001462]
	Ordinal0 [0x002A3D69+998761]
	Ordinal0 [0x002A4026+999462]
	Ordinal0 [0x002A3915+997653]
	Ordinal0 [0x002A977C+1021820]
	Ordinal0 [0x002A38D1+997585]
	Ordinal0 [0x002A47F6+1001462]
	Ordinal0 [0x002A3D69+998761]
	Ordinal0 [0x002A4026+999462]
	Ordinal0 [0x002A3915+997653]
	Ordinal0 [0x0029F42D+980013]
	Ordinal0 [0x002A38D1+997585]
	Ordinal0 [0x002A3670+996976]
	Ordinal0 [0x002A3409+996361]
	Ordinal0 [0x002B36A0+1062560]
	Ordinal0 [0x002FAA59+1354329]
	Ordinal0 [0x002F967A+1349242]
	Ordinal0 [0x002F5BEB+1334251]
	Ordinal0 [0x002D2174+1188212]
	Ordinal0 [0x002D3009+1191945]
	GetHandleVerifier [0x0058EC5C+1511084]
	GetHandleVerifier [0x00638522+2205554]
	GetHandleVerifier [0x00493393+480739]
	GetHandleVerifier [0x00492579+477129]
	Ordinal0 [0x003B1E5D+2104925]
	Ordinal0 [0x003B63F8+2122744]
	Ordinal0 [0x003B6537+2123063]
	Ordinal0 [0x003BEE53+2158163]
	BaseThreadInitThunk [0x74E16359+25]
	RtlGetAppContainerNamedObjectPath [0x773A87A4+228]
	RtlGetAppContainerNamedObjectPath [0x773A8774+180]

	at com.crm.qa.testcases.ContactsPageTest.setUp(ContactsPageTest.java:32)
</failure>
    <system-err><![CDATA[Starting ChromeDriver 91.0.4472.19 (1bf021f248676a0b2ab3ee0561d83a59e424c23e-refs/branch-heads/4472@{#288}) on port 25334
Only local connections are allowed.
Please see https://chromedriver.chromium.org/security-considerations for suggestions on keeping ChromeDriver safe.
ChromeDriver was started successfully.
[1627653648.278][WARNING]: This version of ChromeDriver has not been tested with Chrome version 92.
[1627654248.634][SEVERE]: Timed out receiving message from renderer: 600.000
]]></system-err>
  </testcase>
  <testcase name="verifycontactpagetitle" classname="com.crm.qa.testcases.ContactsPageTest" time="0">
    <skipped message="session not created&#10;from timeout: Timed out receiving message from renderer: 600.000&#10;  (Session info: chrome=92.0.4515.107)&#10;Build info: version: &apos;3.141.59&apos;, revision: &apos;e82be7d358&apos;, time: &apos;2018-11-14T08:17:03&apos;&#10;System info: host: &apos;DESKTOP-3IQAPAE&apos;, ip: &apos;192.168.1.4&apos;, os.name: &apos;Windows 10&apos;, os.arch: &apos;amd64&apos;, os.version: &apos;10.0&apos;, java.version: &apos;1.8.0_291&apos;&#10;Driver info: driver.version: ChromeDriver&#10;remote stacktrace: Backtrace:&#10;	Ordinal0 [0x00412DB3+2502067]&#10;	Ordinal0 [0x003AC5B1+2082225]&#10;	Ordinal0 [0x002B2498+1057944]&#10;	Ordinal0 [0x002A4D2F+1002799]&#10;	Ordinal0 [0x002A3D69+998761]&#10;	Ordinal0 [0x002A4026+999462]&#10;	Ordinal0 [0x002A3915+997653]&#10;	Ordinal0 [0x002AE534+1041716]&#10;	Ordinal0 [0x002A38D1+997585]&#10;	Ordinal0 [0x002A47F6+1001462]&#10;	Ordinal0 [0x002A3D69+998761]&#10;	Ordinal0 [0x002A4026+999462]&#10;	Ordinal0 [0x002A3915+997653]&#10;	Ordinal0 [0x002AC5AA+1033642]&#10;	Ordinal0 [0x002A38D1+997585]&#10;	Ordinal0 [0x002A47F6+1001462]&#10;	Ordinal0 [0x002A3D69+998761]&#10;	Ordinal0 [0x002A4026+999462]&#10;	Ordinal0 [0x002A3915+997653]&#10;	Ordinal0 [0x002AA459+1025113]&#10;	Ordinal0 [0x002A38D1+997585]&#10;	Ordinal0 [0x002A47F6+1001462]&#10;	Ordinal0 [0x002A3D69+998761]&#10;	Ordinal0 [0x002A4026+999462]&#10;	Ordinal0 [0x002A3915+997653]&#10;	Ordinal0 [0x002A977C+1021820]&#10;	Ordinal0 [0x002A38D1+997585]&#10;	Ordinal0 [0x002A47F6+1001462]&#10;	Ordinal0 [0x002A3D69+998761]&#10;	Ordinal0 [0x002A4026+999462]&#10;	Ordinal0 [0x002A3915+997653]&#10;	Ordinal0 [0x0029F42D+980013]&#10;	Ordinal0 [0x002A38D1+997585]&#10;	Ordinal0 [0x002A3670+996976]&#10;	Ordinal0 [0x002A3409+996361]&#10;	Ordinal0 [0x002B36A0+1062560]&#10;	Ordinal0 [0x002FAA59+1354329]&#10;	Ordinal0 [0x002F967A+1349242]&#10;	Ordinal0 [0x002F5BEB+1334251]&#10;	Ordinal0 [0x002D2174+1188212]&#10;	Ordinal0 [0x002D3009+1191945]&#10;	GetHandleVerifier [0x0058EC5C+1511084]&#10;	GetHandleVerifier [0x00638522+2205554]&#10;	GetHandleVerifier [0x00493393+480739]&#10;	GetHandleVerifier [0x00492579+477129]&#10;	Ordinal0 [0x003B1E5D+2104925]&#10;	Ordinal0 [0x003B63F8+2122744]&#10;	Ordinal0 [0x003B6537+2123063]&#10;	Ordinal0 [0x003BEE53+2158163]&#10;	BaseThreadInitThunk [0x74E16359+25]&#10;	RtlGetAppContainerNamedObjectPath [0x773A87A4+228]&#10;	RtlGetAppContainerNamedObjectPath [0x773A8774+180]&#10;"/>
  </testcase>
  <testcase name="teardown" classname="com.crm.qa.testcases.ContactsPageTest" time="0">
    <skipped/>
  </testcase>
  <testcase name="setup" classname="com.crm.qa.testcases.HomePageTest" time="602.02">
    <failure message="session not created&#10;from timeout: Timed out receiving message from renderer: 600.000&#10;  (Session info: chrome=92.0.4515.107)&#10;Build info: version: &apos;3.141.59&apos;, revision: &apos;e82be7d358&apos;, time: &apos;2018-11-14T08:17:03&apos;&#10;System info: host: &apos;DESKTOP-3IQAPAE&apos;, ip: &apos;192.168.1.4&apos;, os.name: &apos;Windows 10&apos;, os.arch: &apos;amd64&apos;, os.version: &apos;10.0&apos;, java.version: &apos;1.8.0_291&apos;&#10;Driver info: driver.version: ChromeDriver&#10;remote stacktrace: Backtrace:&#10;	Ordinal0 [0x00412DB3+2502067]&#10;	Ordinal0 [0x003AC5B1+2082225]&#10;	Ordinal0 [0x002B2498+1057944]&#10;	Ordinal0 [0x002A4D2F+1002799]&#10;	Ordinal0 [0x002A3D69+998761]&#10;	Ordinal0 [0x002A4026+999462]&#10;	Ordinal0 [0x002A3915+997653]&#10;	Ordinal0 [0x002AE534+1041716]&#10;	Ordinal0 [0x002A38D1+997585]&#10;	Ordinal0 [0x002A47F6+1001462]&#10;	Ordinal0 [0x002A3D69+998761]&#10;	Ordinal0 [0x002A4026+999462]&#10;	Ordinal0 [0x002A3915+997653]&#10;	Ordinal0 [0x002AC5AA+1033642]&#10;	Ordinal0 [0x002A38D1+997585]&#10;	Ordinal0 [0x002A47F6+1001462]&#10;	Ordinal0 [0x002A3D69+998761]&#10;	Ordinal0 [0x002A4026+999462]&#10;	Ordinal0 [0x002A3915+997653]&#10;	Ordinal0 [0x002AA459+1025113]&#10;	Ordinal0 [0x002A38D1+997585]&#10;	Ordinal0 [0x002A47F6+1001462]&#10;	Ordinal0 [0x002A3D69+998761]&#10;	Ordinal0 [0x002A4026+999462]&#10;	Ordinal0 [0x002A3915+997653]&#10;	Ordinal0 [0x002A977C+1021820]&#10;	Ordinal0 [0x002A38D1+997585]&#10;	Ordinal0 [0x002A47F6+1001462]&#10;	Ordinal0 [0x002A3D69+998761]&#10;	Ordinal0 [0x002A4026+999462]&#10;	Ordinal0 [0x002A3915+997653]&#10;	Ordinal0 [0x0029F42D+980013]&#10;	Ordinal0 [0x002A38D1+997585]&#10;	Ordinal0 [0x002A3670+996976]&#10;	Ordinal0 [0x002A3409+996361]&#10;	Ordinal0 [0x002B36A0+1062560]&#10;	Ordinal0 [0x002FAA59+1354329]&#10;	Ordinal0 [0x002F967A+1349242]&#10;	Ordinal0 [0x002F5BEB+1334251]&#10;	Ordinal0 [0x002D2174+1188212]&#10;	Ordinal0 [0x002D3009+1191945]&#10;	GetHandleVerifier [0x0058EC5C+1511084]&#10;	GetHandleVerifier [0x00638522+2205554]&#10;	GetHandleVerifier [0x00493393+480739]&#10;	GetHandleVerifier [0x00492579+477129]&#10;	Ordinal0 [0x003B1E5D+2104925]&#10;	Ordinal0 [0x003B63F8+2122744]&#10;	Ordinal0 [0x003B6537+2123063]&#10;	Ordinal0 [0x003BEE53+2158163]&#10;	BaseThreadInitThunk [0x74E16359+25]&#10;	RtlGetAppContainerNamedObjectPath [0x773A87A4+228]&#10;	RtlGetAppContainerNamedObjectPath [0x773A8774+180]&#10;" type="org.openqa.selenium.SessionNotCreatedException">org.openqa.selenium.SessionNotCreatedException: 
session not created
from timeout: Timed out receiving message from renderer: 600.000
  (Session info: chrome=92.0.4515.107)
Build info: version: '3.141.59', revision: 'e82be7d358', time: '2018-11-14T08:17:03'
System info: host: 'DESKTOP-3IQAPAE', ip: '192.168.1.4', os.name: 'Windows 10', os.arch: 'amd64', os.version: '10.0', java.version: '1.8.0_291'
Driver info: driver.version: ChromeDriver
remote stacktrace: Backtrace:
	Ordinal0 [0x00412DB3+2502067]
	Ordinal0 [0x003AC5B1+2082225]
	Ordinal0 [0x002B2498+1057944]
	Ordinal0 [0x002A4D2F+1002799]
	Ordinal0 [0x002A3D69+998761]
	Ordinal0 [0x002A4026+999462]
	Ordinal0 [0x002A3915+997653]
	Ordinal0 [0x002AE534+1041716]
	Ordinal0 [0x002A38D1+997585]
	Ordinal0 [0x002A47F6+1001462]
	Ordinal0 [0x002A3D69+998761]
	Ordinal0 [0x002A4026+999462]
	Ordinal0 [0x002A3915+997653]
	Ordinal0 [0x002AC5AA+1033642]
	Ordinal0 [0x002A38D1+997585]
	Ordinal0 [0x002A47F6+1001462]
	Ordinal0 [0x002A3D69+998761]
	Ordinal0 [0x002A4026+999462]
	Ordinal0 [0x002A3915+997653]
	Ordinal0 [0x002AA459+1025113]
	Ordinal0 [0x002A38D1+997585]
	Ordinal0 [0x002A47F6+1001462]
	Ordinal0 [0x002A3D69+998761]
	Ordinal0 [0x002A4026+999462]
	Ordinal0 [0x002A3915+997653]
	Ordinal0 [0x002A977C+1021820]
	Ordinal0 [0x002A38D1+997585]
	Ordinal0 [0x002A47F6+1001462]
	Ordinal0 [0x002A3D69+998761]
	Ordinal0 [0x002A4026+999462]
	Ordinal0 [0x002A3915+997653]
	Ordinal0 [0x0029F42D+980013]
	Ordinal0 [0x002A38D1+997585]
	Ordinal0 [0x002A3670+996976]
	Ordinal0 [0x002A3409+996361]
	Ordinal0 [0x002B36A0+1062560]
	Ordinal0 [0x002FAA59+1354329]
	Ordinal0 [0x002F967A+1349242]
	Ordinal0 [0x002F5BEB+1334251]
	Ordinal0 [0x002D2174+1188212]
	Ordinal0 [0x002D3009+1191945]
	GetHandleVerifier [0x0058EC5C+1511084]
	GetHandleVerifier [0x00638522+2205554]
	GetHandleVerifier [0x00493393+480739]
	GetHandleVerifier [0x00492579+477129]
	Ordinal0 [0x003B1E5D+2104925]
	Ordinal0 [0x003B63F8+2122744]
	Ordinal0 [0x003B6537+2123063]
	Ordinal0 [0x003BEE53+2158163]
	BaseThreadInitThunk [0x74E16359+25]
	RtlGetAppContainerNamedObjectPath [0x773A87A4+228]
	RtlGetAppContainerNamedObjectPath [0x773A8774+180]

	at com.crm.qa.testcases.HomePageTest.setup(HomePageTest.java:23)
</failure>
    <system-err><![CDATA[Starting ChromeDriver 91.0.4472.19 (1bf021f248676a0b2ab3ee0561d83a59e424c23e-refs/branch-heads/4472@{#288}) on port 11195
Only local connections are allowed.
Please see https://chromedriver.chromium.org/security-considerations for suggestions on keeping ChromeDriver safe.
ChromeDriver was started successfully.
[1627654250.584][WARNING]: This version of ChromeDriver has not been tested with Chrome version 92.
[1627654850.733][SEVERE]: Timed out receiving message from renderer: 600.000
]]></system-err>
  </testcase>
  <testcase name="setup" classname="com.crm.qa.testcases.HomePageTest" time="0">
    <skipped/>
  </testcase>
  <testcase name="openContactsPage" classname="com.crm.qa.testcases.HomePageTest" time="0">
    <skipped message="session not created&#10;from timeout: Timed out receiving message from renderer: 600.000&#10;  (Session info: chrome=92.0.4515.107)&#10;Build info: version: &apos;3.141.59&apos;, revision: &apos;e82be7d358&apos;, time: &apos;2018-11-14T08:17:03&apos;&#10;System info: host: &apos;DESKTOP-3IQAPAE&apos;, ip: &apos;192.168.1.4&apos;, os.name: &apos;Windows 10&apos;, os.arch: &apos;amd64&apos;, os.version: &apos;10.0&apos;, java.version: &apos;1.8.0_291&apos;&#10;Driver info: driver.version: ChromeDriver&#10;remote stacktrace: Backtrace:&#10;	Ordinal0 [0x00412DB3+2502067]&#10;	Ordinal0 [0x003AC5B1+2082225]&#10;	Ordinal0 [0x002B2498+1057944]&#10;	Ordinal0 [0x002A4D2F+1002799]&#10;	Ordinal0 [0x002A3D69+998761]&#10;	Ordinal0 [0x002A4026+999462]&#10;	Ordinal0 [0x002A3915+997653]&#10;	Ordinal0 [0x002AE534+1041716]&#10;	Ordinal0 [0x002A38D1+997585]&#10;	Ordinal0 [0x002A47F6+1001462]&#10;	Ordinal0 [0x002A3D69+998761]&#10;	Ordinal0 [0x002A4026+999462]&#10;	Ordinal0 [0x002A3915+997653]&#10;	Ordinal0 [0x002AC5AA+1033642]&#10;	Ordinal0 [0x002A38D1+997585]&#10;	Ordinal0 [0x002A47F6+1001462]&#10;	Ordinal0 [0x002A3D69+998761]&#10;	Ordinal0 [0x002A4026+999462]&#10;	Ordinal0 [0x002A3915+997653]&#10;	Ordinal0 [0x002AA459+1025113]&#10;	Ordinal0 [0x002A38D1+997585]&#10;	Ordinal0 [0x002A47F6+1001462]&#10;	Ordinal0 [0x002A3D69+998761]&#10;	Ordinal0 [0x002A4026+999462]&#10;	Ordinal0 [0x002A3915+997653]&#10;	Ordinal0 [0x002A977C+1021820]&#10;	Ordinal0 [0x002A38D1+997585]&#10;	Ordinal0 [0x002A47F6+1001462]&#10;	Ordinal0 [0x002A3D69+998761]&#10;	Ordinal0 [0x002A4026+999462]&#10;	Ordinal0 [0x002A3915+997653]&#10;	Ordinal0 [0x0029F42D+980013]&#10;	Ordinal0 [0x002A38D1+997585]&#10;	Ordinal0 [0x002A3670+996976]&#10;	Ordinal0 [0x002A3409+996361]&#10;	Ordinal0 [0x002B36A0+1062560]&#10;	Ordinal0 [0x002FAA59+1354329]&#10;	Ordinal0 [0x002F967A+1349242]&#10;	Ordinal0 [0x002F5BEB+1334251]&#10;	Ordinal0 [0x002D2174+1188212]&#10;	Ordinal0 [0x002D3009+1191945]&#10;	GetHandleVerifier [0x0058EC5C+1511084]&#10;	GetHandleVerifier [0x00638522+2205554]&#10;	GetHandleVerifier [0x00493393+480739]&#10;	GetHandleVerifier [0x00492579+477129]&#10;	Ordinal0 [0x003B1E5D+2104925]&#10;	Ordinal0 [0x003B63F8+2122744]&#10;	Ordinal0 [0x003B6537+2123063]&#10;	Ordinal0 [0x003BEE53+2158163]&#10;	BaseThreadInitThunk [0x74E16359+25]&#10;	RtlGetAppContainerNamedObjectPath [0x773A87A4+228]&#10;	RtlGetAppContainerNamedObjectPath [0x773A8774+180]&#10;"/>
  </testcase>
  <testcase name="teardown" classname="com.crm.qa.testcases.HomePageTest" time="0">
    <skipped/>
  </testcase>
  <testcase name="teardown" classname="com.crm.qa.testcases.HomePageTest" time="0">
    <skipped/>
  </testcase>
  <testcase name="verifyhomepagetitle" classname="com.crm.qa.testcases.HomePageTest" time="0">
    <skipped message="session not created&#10;from timeout: Timed out receiving message from renderer: 600.000&#10;  (Session info: chrome=92.0.4515.107)&#10;Build info: version: &apos;3.141.59&apos;, revision: &apos;e82be7d358&apos;, time: &apos;2018-11-14T08:17:03&apos;&#10;System info: host: &apos;DESKTOP-3IQAPAE&apos;, ip: &apos;192.168.1.4&apos;, os.name: &apos;Windows 10&apos;, os.arch: &apos;amd64&apos;, os.version: &apos;10.0&apos;, java.version: &apos;1.8.0_291&apos;&#10;Driver info: driver.version: ChromeDriver&#10;remote stacktrace: Backtrace:&#10;	Ordinal0 [0x00412DB3+2502067]&#10;	Ordinal0 [0x003AC5B1+2082225]&#10;	Ordinal0 [0x002B2498+1057944]&#10;	Ordinal0 [0x002A4D2F+1002799]&#10;	Ordinal0 [0x002A3D69+998761]&#10;	Ordinal0 [0x002A4026+999462]&#10;	Ordinal0 [0x002A3915+997653]&#10;	Ordinal0 [0x002AE534+1041716]&#10;	Ordinal0 [0x002A38D1+997585]&#10;	Ordinal0 [0x002A47F6+1001462]&#10;	Ordinal0 [0x002A3D69+998761]&#10;	Ordinal0 [0x002A4026+999462]&#10;	Ordinal0 [0x002A3915+997653]&#10;	Ordinal0 [0x002AC5AA+1033642]&#10;	Ordinal0 [0x002A38D1+997585]&#10;	Ordinal0 [0x002A47F6+1001462]&#10;	Ordinal0 [0x002A3D69+998761]&#10;	Ordinal0 [0x002A4026+999462]&#10;	Ordinal0 [0x002A3915+997653]&#10;	Ordinal0 [0x002AA459+1025113]&#10;	Ordinal0 [0x002A38D1+997585]&#10;	Ordinal0 [0x002A47F6+1001462]&#10;	Ordinal0 [0x002A3D69+998761]&#10;	Ordinal0 [0x002A4026+999462]&#10;	Ordinal0 [0x002A3915+997653]&#10;	Ordinal0 [0x002A977C+1021820]&#10;	Ordinal0 [0x002A38D1+997585]&#10;	Ordinal0 [0x002A47F6+1001462]&#10;	Ordinal0 [0x002A3D69+998761]&#10;	Ordinal0 [0x002A4026+999462]&#10;	Ordinal0 [0x002A3915+997653]&#10;	Ordinal0 [0x0029F42D+980013]&#10;	Ordinal0 [0x002A38D1+997585]&#10;	Ordinal0 [0x002A3670+996976]&#10;	Ordinal0 [0x002A3409+996361]&#10;	Ordinal0 [0x002B36A0+1062560]&#10;	Ordinal0 [0x002FAA59+1354329]&#10;	Ordinal0 [0x002F967A+1349242]&#10;	Ordinal0 [0x002F5BEB+1334251]&#10;	Ordinal0 [0x002D2174+1188212]&#10;	Ordinal0 [0x002D3009+1191945]&#10;	GetHandleVerifier [0x0058EC5C+1511084]&#10;	GetHandleVerifier [0x00638522+2205554]&#10;	GetHandleVerifier [0x00493393+480739]&#10;	GetHandleVerifier [0x00492579+477129]&#10;	Ordinal0 [0x003B1E5D+2104925]&#10;	Ordinal0 [0x003B63F8+2122744]&#10;	Ordinal0 [0x003B6537+2123063]&#10;	Ordinal0 [0x003BEE53+2158163]&#10;	BaseThreadInitThunk [0x74E16359+25]&#10;	RtlGetAppContainerNamedObjectPath [0x773A87A4+228]&#10;	RtlGetAppContainerNamedObjectPath [0x773A8774+180]&#10;"/>
  </testcase>
  <testcase name="setUp" classname="com.crm.qa.testcases.LoginPageTest" time="602.186">
    <failure message="session not created&#10;from timeout: Timed out receiving message from renderer: 600.000&#10;  (Session info: chrome=92.0.4515.107)&#10;Build info: version: &apos;3.141.59&apos;, revision: &apos;e82be7d358&apos;, time: &apos;2018-11-14T08:17:03&apos;&#10;System info: host: &apos;DESKTOP-3IQAPAE&apos;, ip: &apos;192.168.1.4&apos;, os.name: &apos;Windows 10&apos;, os.arch: &apos;amd64&apos;, os.version: &apos;10.0&apos;, java.version: &apos;1.8.0_291&apos;&#10;Driver info: driver.version: ChromeDriver&#10;remote stacktrace: Backtrace:&#10;	Ordinal0 [0x00412DB3+2502067]&#10;	Ordinal0 [0x003AC5B1+2082225]&#10;	Ordinal0 [0x002B2498+1057944]&#10;	Ordinal0 [0x002A4D2F+1002799]&#10;	Ordinal0 [0x002A3D69+998761]&#10;	Ordinal0 [0x002A4026+999462]&#10;	Ordinal0 [0x002A3915+997653]&#10;	Ordinal0 [0x002AE534+1041716]&#10;	Ordinal0 [0x002A38D1+997585]&#10;	Ordinal0 [0x002A47F6+1001462]&#10;	Ordinal0 [0x002A3D69+998761]&#10;	Ordinal0 [0x002A4026+999462]&#10;	Ordinal0 [0x002A3915+997653]&#10;	Ordinal0 [0x002AC5AA+1033642]&#10;	Ordinal0 [0x002A38D1+997585]&#10;	Ordinal0 [0x002A47F6+1001462]&#10;	Ordinal0 [0x002A3D69+998761]&#10;	Ordinal0 [0x002A4026+999462]&#10;	Ordinal0 [0x002A3915+997653]&#10;	Ordinal0 [0x002AA459+1025113]&#10;	Ordinal0 [0x002A38D1+997585]&#10;	Ordinal0 [0x002A47F6+1001462]&#10;	Ordinal0 [0x002A3D69+998761]&#10;	Ordinal0 [0x002A4026+999462]&#10;	Ordinal0 [0x002A3915+997653]&#10;	Ordinal0 [0x002A977C+1021820]&#10;	Ordinal0 [0x002A38D1+997585]&#10;	Ordinal0 [0x002A47F6+1001462]&#10;	Ordinal0 [0x002A3D69+998761]&#10;	Ordinal0 [0x002A4026+999462]&#10;	Ordinal0 [0x002A3915+997653]&#10;	Ordinal0 [0x0029F42D+980013]&#10;	Ordinal0 [0x002A38D1+997585]&#10;	Ordinal0 [0x002A3670+996976]&#10;	Ordinal0 [0x002A3409+996361]&#10;	Ordinal0 [0x002B36A0+1062560]&#10;	Ordinal0 [0x002FAA59+1354329]&#10;	Ordinal0 [0x002F967A+1349242]&#10;	Ordinal0 [0x002F5BEB+1334251]&#10;	Ordinal0 [0x002D2174+1188212]&#10;	Ordinal0 [0x002D3009+1191945]&#10;	GetHandleVerifier [0x0058EC5C+1511084]&#10;	GetHandleVerifier [0x00638522+2205554]&#10;	GetHandleVerifier [0x00493393+480739]&#10;	GetHandleVerifier [0x00492579+477129]&#10;	Ordinal0 [0x003B1E5D+2104925]&#10;	Ordinal0 [0x003B63F8+2122744]&#10;	Ordinal0 [0x003B6537+2123063]&#10;	Ordinal0 [0x003BEE53+2158163]&#10;	BaseThreadInitThunk [0x74E16359+25]&#10;	RtlGetAppContainerNamedObjectPath [0x773A87A4+228]&#10;	RtlGetAppContainerNamedObjectPath [0x773A8774+180]&#10;" type="org.openqa.selenium.SessionNotCreatedException">org.openqa.selenium.SessionNotCreatedException: 
session not created
from timeout: Timed out receiving message from renderer: 600.000
  (Session info: chrome=92.0.4515.107)
Build info: version: '3.141.59', revision: 'e82be7d358', time: '2018-11-14T08:17:03'
System info: host: 'DESKTOP-3IQAPAE', ip: '192.168.1.4', os.name: 'Windows 10', os.arch: 'amd64', os.version: '10.0', java.version: '1.8.0_291'
Driver info: driver.version: ChromeDriver
remote stacktrace: Backtrace:
	Ordinal0 [0x00412DB3+2502067]
	Ordinal0 [0x003AC5B1+2082225]
	Ordinal0 [0x002B2498+1057944]
	Ordinal0 [0x002A4D2F+1002799]
	Ordinal0 [0x002A3D69+998761]
	Ordinal0 [0x002A4026+999462]
	Ordinal0 [0x002A3915+997653]
	Ordinal0 [0x002AE534+1041716]
	Ordinal0 [0x002A38D1+997585]
	Ordinal0 [0x002A47F6+1001462]
	Ordinal0 [0x002A3D69+998761]
	Ordinal0 [0x002A4026+999462]
	Ordinal0 [0x002A3915+997653]
	Ordinal0 [0x002AC5AA+1033642]
	Ordinal0 [0x002A38D1+997585]
	Ordinal0 [0x002A47F6+1001462]
	Ordinal0 [0x002A3D69+998761]
	Ordinal0 [0x002A4026+999462]
	Ordinal0 [0x002A3915+997653]
	Ordinal0 [0x002AA459+1025113]
	Ordinal0 [0x002A38D1+997585]
	Ordinal0 [0x002A47F6+1001462]
	Ordinal0 [0x002A3D69+998761]
	Ordinal0 [0x002A4026+999462]
	Ordinal0 [0x002A3915+997653]
	Ordinal0 [0x002A977C+1021820]
	Ordinal0 [0x002A38D1+997585]
	Ordinal0 [0x002A47F6+1001462]
	Ordinal0 [0x002A3D69+998761]
	Ordinal0 [0x002A4026+999462]
	Ordinal0 [0x002A3915+997653]
	Ordinal0 [0x0029F42D+980013]
	Ordinal0 [0x002A38D1+997585]
	Ordinal0 [0x002A3670+996976]
	Ordinal0 [0x002A3409+996361]
	Ordinal0 [0x002B36A0+1062560]
	Ordinal0 [0x002FAA59+1354329]
	Ordinal0 [0x002F967A+1349242]
	Ordinal0 [0x002F5BEB+1334251]
	Ordinal0 [0x002D2174+1188212]
	Ordinal0 [0x002D3009+1191945]
	GetHandleVerifier [0x0058EC5C+1511084]
	GetHandleVerifier [0x00638522+2205554]
	GetHandleVerifier [0x00493393+480739]
	GetHandleVerifier [0x00492579+477129]
	Ordinal0 [0x003B1E5D+2104925]
	Ordinal0 [0x003B63F8+2122744]
	Ordinal0 [0x003B6537+2123063]
	Ordinal0 [0x003BEE53+2158163]
	BaseThreadInitThunk [0x74E16359+25]
	RtlGetAppContainerNamedObjectPath [0x773A87A4+228]
	RtlGetAppContainerNamedObjectPath [0x773A8774+180]

	at com.crm.qa.testcases.LoginPageTest.setUp(LoginPageTest.java:23)
</failure>
    <system-err><![CDATA[Starting ChromeDriver 91.0.4472.19 (1bf021f248676a0b2ab3ee0561d83a59e424c23e-refs/branch-heads/4472@{#288}) on port 16366
Only local connections are allowed.
Please see https://chromedriver.chromium.org/security-considerations for suggestions on keeping ChromeDriver safe.
ChromeDriver was started successfully.
[1627654852.359][WARNING]: This version of ChromeDriver has not been tested with Chrome version 92.
[1627655452.454][SEVERE]: Timed out receiving message from renderer: 600.000
]]></system-err>
  </testcase>
  <testcase name="setUp" classname="com.crm.qa.testcases.LoginPageTest" time="0">
    <skipped/>
  </testcase>
  <testcase name="loginPagetitleTest" classname="com.crm.qa.testcases.LoginPageTest" time="0">
    <skipped message="session not created&#10;from timeout: Timed out receiving message from renderer: 600.000&#10;  (Session info: chrome=92.0.4515.107)&#10;Build info: version: &apos;3.141.59&apos;, revision: &apos;e82be7d358&apos;, time: &apos;2018-11-14T08:17:03&apos;&#10;System info: host: &apos;DESKTOP-3IQAPAE&apos;, ip: &apos;192.168.1.4&apos;, os.name: &apos;Windows 10&apos;, os.arch: &apos;amd64&apos;, os.version: &apos;10.0&apos;, java.version: &apos;1.8.0_291&apos;&#10;Driver info: driver.version: ChromeDriver&#10;remote stacktrace: Backtrace:&#10;	Ordinal0 [0x00412DB3+2502067]&#10;	Ordinal0 [0x003AC5B1+2082225]&#10;	Ordinal0 [0x002B2498+1057944]&#10;	Ordinal0 [0x002A4D2F+1002799]&#10;	Ordinal0 [0x002A3D69+998761]&#10;	Ordinal0 [0x002A4026+999462]&#10;	Ordinal0 [0x002A3915+997653]&#10;	Ordinal0 [0x002AE534+1041716]&#10;	Ordinal0 [0x002A38D1+997585]&#10;	Ordinal0 [0x002A47F6+1001462]&#10;	Ordinal0 [0x002A3D69+998761]&#10;	Ordinal0 [0x002A4026+999462]&#10;	Ordinal0 [0x002A3915+997653]&#10;	Ordinal0 [0x002AC5AA+1033642]&#10;	Ordinal0 [0x002A38D1+997585]&#10;	Ordinal0 [0x002A47F6+1001462]&#10;	Ordinal0 [0x002A3D69+998761]&#10;	Ordinal0 [0x002A4026+999462]&#10;	Ordinal0 [0x002A3915+997653]&#10;	Ordinal0 [0x002AA459+1025113]&#10;	Ordinal0 [0x002A38D1+997585]&#10;	Ordinal0 [0x002A47F6+1001462]&#10;	Ordinal0 [0x002A3D69+998761]&#10;	Ordinal0 [0x002A4026+999462]&#10;	Ordinal0 [0x002A3915+997653]&#10;	Ordinal0 [0x002A977C+1021820]&#10;	Ordinal0 [0x002A38D1+997585]&#10;	Ordinal0 [0x002A47F6+1001462]&#10;	Ordinal0 [0x002A3D69+998761]&#10;	Ordinal0 [0x002A4026+999462]&#10;	Ordinal0 [0x002A3915+997653]&#10;	Ordinal0 [0x0029F42D+980013]&#10;	Ordinal0 [0x002A38D1+997585]&#10;	Ordinal0 [0x002A3670+996976]&#10;	Ordinal0 [0x002A3409+996361]&#10;	Ordinal0 [0x002B36A0+1062560]&#10;	Ordinal0 [0x002FAA59+1354329]&#10;	Ordinal0 [0x002F967A+1349242]&#10;	Ordinal0 [0x002F5BEB+1334251]&#10;	Ordinal0 [0x002D2174+1188212]&#10;	Ordinal0 [0x002D3009+1191945]&#10;	GetHandleVerifier [0x0058EC5C+1511084]&#10;	GetHandleVerifier [0x00638522+2205554]&#10;	GetHandleVerifier [0x00493393+480739]&#10;	GetHandleVerifier [0x00492579+477129]&#10;	Ordinal0 [0x003B1E5D+2104925]&#10;	Ordinal0 [0x003B63F8+2122744]&#10;	Ordinal0 [0x003B6537+2123063]&#10;	Ordinal0 [0x003BEE53+2158163]&#10;	BaseThreadInitThunk [0x74E16359+25]&#10;	RtlGetAppContainerNamedObjectPath [0x773A87A4+228]&#10;	RtlGetAppContainerNamedObjectPath [0x773A8774+180]&#10;"/>
  </testcase>
  <testcase name="teardown" classname="com.crm.qa.testcases.LoginPageTest" time="0">
    <skipped/>
  </testcase>
  <testcase name="teardown" classname="com.crm.qa.testcases.LoginPageTest" time="0">
    <skipped/>
  </testcase>
  <testcase name="loginTest" classname="com.crm.qa.testcases.LoginPageTest" time="0">
    <skipped message="session not created&#10;from timeout: Timed out receiving message from renderer: 600.000&#10;  (Session info: chrome=92.0.4515.107)&#10;Build info: version: &apos;3.141.59&apos;, revision: &apos;e82be7d358&apos;, time: &apos;2018-11-14T08:17:03&apos;&#10;System info: host: &apos;DESKTOP-3IQAPAE&apos;, ip: &apos;192.168.1.4&apos;, os.name: &apos;Windows 10&apos;, os.arch: &apos;amd64&apos;, os.version: &apos;10.0&apos;, java.version: &apos;1.8.0_291&apos;&#10;Driver info: driver.version: ChromeDriver&#10;remote stacktrace: Backtrace:&#10;	Ordinal0 [0x00412DB3+2502067]&#10;	Ordinal0 [0x003AC5B1+2082225]&#10;	Ordinal0 [0x002B2498+1057944]&#10;	Ordinal0 [0x002A4D2F+1002799]&#10;	Ordinal0 [0x002A3D69+998761]&#10;	Ordinal0 [0x002A4026+999462]&#10;	Ordinal0 [0x002A3915+997653]&#10;	Ordinal0 [0x002AE534+1041716]&#10;	Ordinal0 [0x002A38D1+997585]&#10;	Ordinal0 [0x002A47F6+1001462]&#10;	Ordinal0 [0x002A3D69+998761]&#10;	Ordinal0 [0x002A4026+999462]&#10;	Ordinal0 [0x002A3915+997653]&#10;	Ordinal0 [0x002AC5AA+1033642]&#10;	Ordinal0 [0x002A38D1+997585]&#10;	Ordinal0 [0x002A47F6+1001462]&#10;	Ordinal0 [0x002A3D69+998761]&#10;	Ordinal0 [0x002A4026+999462]&#10;	Ordinal0 [0x002A3915+997653]&#10;	Ordinal0 [0x002AA459+1025113]&#10;	Ordinal0 [0x002A38D1+997585]&#10;	Ordinal0 [0x002A47F6+1001462]&#10;	Ordinal0 [0x002A3D69+998761]&#10;	Ordinal0 [0x002A4026+999462]&#10;	Ordinal0 [0x002A3915+997653]&#10;	Ordinal0 [0x002A977C+1021820]&#10;	Ordinal0 [0x002A38D1+997585]&#10;	Ordinal0 [0x002A47F6+1001462]&#10;	Ordinal0 [0x002A3D69+998761]&#10;	Ordinal0 [0x002A4026+999462]&#10;	Ordinal0 [0x002A3915+997653]&#10;	Ordinal0 [0x0029F42D+980013]&#10;	Ordinal0 [0x002A38D1+997585]&#10;	Ordinal0 [0x002A3670+996976]&#10;	Ordinal0 [0x002A3409+996361]&#10;	Ordinal0 [0x002B36A0+1062560]&#10;	Ordinal0 [0x002FAA59+1354329]&#10;	Ordinal0 [0x002F967A+1349242]&#10;	Ordinal0 [0x002F5BEB+1334251]&#10;	Ordinal0 [0x002D2174+1188212]&#10;	Ordinal0 [0x002D3009+1191945]&#10;	GetHandleVerifier [0x0058EC5C+1511084]&#10;	GetHandleVerifier [0x00638522+2205554]&#10;	GetHandleVerifier [0x00493393+480739]&#10;	GetHandleVerifier [0x00492579+477129]&#10;	Ordinal0 [0x003B1E5D+2104925]&#10;	Ordinal0 [0x003B63F8+2122744]&#10;	Ordinal0 [0x003B6537+2123063]&#10;	Ordinal0 [0x003BEE53+2158163]&#10;	BaseThreadInitThunk [0x74E16359+25]&#10;	RtlGetAppContainerNamedObjectPath [0x773A87A4+228]&#10;	RtlGetAppContainerNamedObjectPath [0x773A8774+180]&#10;"/>
  </testcase>
</testsuite>