<?xml version="1.0" encoding="UTF-8"?>
<!-- Generated by org.testng.reporters.JUnitReportReporter -->
<testsuite hostname="DESKTOP-3IQAPAE" failures="0" tests="1" name="com.crm.qa.testcases.ContactsPageTest" time="36.892" errors="0" timestamp="2021-07-30T10:19:55 MDT" skipped="0">
  <testcase classname="com.crm.qa.testcases.ContactsPageTest" name="verifycontactpagetitle" time="36.892"/>
  <system-out/>
</testsuite> <!-- com.crm.qa.testcases.ContactsPageTest -->
