<?xml version="1.0" encoding="UTF-8"?>
<!-- Generated by org.testng.reporters.JUnitReportReporter -->
<testsuite hostname="DESKTOP-3IQAPAE" failures="0" tests="2" name="com.crm.qa.testcases.LoginPageTest" time="20.402" errors="0" timestamp="2021-07-30T10:19:55 MDT" skipped="0">
  <testcase classname="com.crm.qa.testcases.LoginPageTest" name="loginPagetitleTest" time="3.956"/>
  <system-out/>
  <testcase classname="com.crm.qa.testcases.LoginPageTest" name="loginTest" time="16.446"/>
  <system-out/>
</testsuite> <!-- com.crm.qa.testcases.LoginPageTest -->
